<?xml version="1.0" encoding="UTF-8"?>
<testng-results ignored="0" total="1" passed="0" failed="1" skipped="0">
  <reporter-output>
  </reporter-output>
  <suite started-at="2024-05-09T18:10:20 IST" name="Default suite" finished-at="2024-05-09T18:11:56 IST" duration-ms="95830">
    <groups>
      <group name="smokeTest">
        <method signature="CreateOrgsnisationTest.createorgTest()[pri:0, instance:practice.OrgTest.CreateOrgsnisationTest@7dc3712]" name="createorgTest" class="practice.OrgTest.CreateOrgsnisationTest"/>
      </group> <!-- smokeTest -->
    </groups>
    <test started-at="2024-05-09T18:10:20 IST" name="Default test" finished-at="2024-05-09T18:11:56 IST" duration-ms="95830">
      <class name="practice.OrgTest.CreateOrgsnisationTest">
        <test-method is-config="true" signature="configBS()[pri:0, instance:practice.OrgTest.CreateOrgsnisationTest@7dc3712]" started-at="2024-05-09T18:10:19 IST" name="configBS" finished-at="2024-05-09T18:10:20 IST" duration-ms="1189" status="PASS">
          <reporter-output>
          </reporter-output>
        </test-method> <!-- configBS -->
        <test-method is-config="true" signature="configBC()[pri:0, instance:practice.OrgTest.CreateOrgsnisationTest@7dc3712]" started-at="2024-05-09T18:10:20 IST" name="configBC" finished-at="2024-05-09T18:10:34 IST" duration-ms="14246" status="PASS">
          <reporter-output>
          </reporter-output>
        </test-method> <!-- configBC -->
        <test-method is-config="true" signature="confihBM()[pri:0, instance:practice.OrgTest.CreateOrgsnisationTest@7dc3712]" started-at="2024-05-09T18:10:35 IST" name="confihBM" finished-at="2024-05-09T18:10:49 IST" duration-ms="13862" status="PASS">
          <reporter-output>
          </reporter-output>
        </test-method> <!-- confihBM -->
        <test-method signature="createorgTest()[pri:0, instance:practice.OrgTest.CreateOrgsnisationTest@7dc3712]" started-at="2024-05-09T18:10:49 IST" name="createorgTest" finished-at="2024-05-09T18:10:49 IST" duration-ms="95" status="FAIL">
          <exception class="java.lang.NullPointerException">
            <message>
              <![CDATA[Cannot invoke "com.aventstack.extentreports.ExtentTest.log(com.aventstack.extentreports.Status, String)" because the return value of "com.comcast.crm.generic.webdriverutility.UtilityClassObject.gettest()" is null]]>
            </message>
            <full-stacktrace>
              <![CDATA[java.lang.NullPointerException: Cannot invoke "com.aventstack.extentreports.ExtentTest.log(com.aventstack.extentreports.Status, String)" because the return value of "com.comcast.crm.generic.webdriverutility.UtilityClassObject.gettest()" is null
at practice.OrgTest.CreateOrgsnisationTest.createorgTest(CreateOrgsnisationTest.java:20)
at java.base/jdk.internal.reflect.NativeMethodAccessorImpl.invoke0(Native Method)
at java.base/jdk.internal.reflect.NativeMethodAccessorImpl.invoke(NativeMethodAccessorImpl.java:77)
at java.base/jdk.internal.reflect.DelegatingMethodAccessorImpl.invoke(DelegatingMethodAccessorImpl.java:43)
at java.base/java.lang.reflect.Method.invoke(Method.java:568)
at org.testng.internal.invokers.MethodInvocationHelper.invokeMethod(MethodInvocationHelper.java:141)
at org.testng.internal.invokers.TestInvoker.invokeMethod(TestInvoker.java:686)
at org.testng.internal.invokers.TestInvoker.invokeTestMethod(TestInvoker.java:230)
at org.testng.internal.invokers.MethodRunner.runInSequence(MethodRunner.java:63)
at org.testng.internal.invokers.TestInvoker$MethodInvocationAgent.invoke(TestInvoker.java:992)
at org.testng.internal.invokers.TestInvoker.invokeTestMethods(TestInvoker.java:203)
at org.testng.internal.invokers.TestMethodWorker.invokeTestMethods(TestMethodWorker.java:154)
at org.testng.internal.invokers.TestMethodWorker.run(TestMethodWorker.java:134)
at java.base/java.util.ArrayList.forEach(ArrayList.java:1511)
at org.testng.TestRunner.privateRun(TestRunner.java:739)
at org.testng.TestRunner.run(TestRunner.java:614)
at org.testng.SuiteRunner.runTest(SuiteRunner.java:421)
at org.testng.SuiteRunner.runSequentially(SuiteRunner.java:413)
at org.testng.SuiteRunner.privateRun(SuiteRunner.java:373)
at org.testng.SuiteRunner.run(SuiteRunner.java:312)
at org.testng.SuiteRunnerWorker.runSuite(SuiteRunnerWorker.java:52)
at org.testng.SuiteRunnerWorker.run(SuiteRunnerWorker.java:95)
at org.testng.TestNG.runSuitesSequentially(TestNG.java:1274)
at org.testng.TestNG.runSuitesLocally(TestNG.java:1208)
at org.testng.TestNG.runSuites(TestNG.java:1112)
at org.testng.TestNG.run(TestNG.java:1079)
at org.testng.remote.AbstractRemoteTestNG.run(AbstractRemoteTestNG.java:115)
at org.testng.remote.RemoteTestNG.initAndRun(RemoteTestNG.java:293)
at org.testng.remote.RemoteTestNG.main(RemoteTestNG.java:91)
]]>
            </full-stacktrace>
          </exception> <!-- java.lang.NullPointerException -->
          <reporter-output>
          </reporter-output>
        </test-method> <!-- createorgTest -->
        <test-method is-config="true" signature="configAM()[pri:0, instance:practice.OrgTest.CreateOrgsnisationTest@7dc3712]" started-at="2024-05-09T18:10:49 IST" name="configAM" finished-at="2024-05-09T18:11:43 IST" duration-ms="53821" status="PASS">
          <reporter-output>
          </reporter-output>
        </test-method> <!-- configAM -->
        <test-method is-config="true" signature="cnofigAC()[pri:0, instance:practice.OrgTest.CreateOrgsnisationTest@7dc3712]" started-at="2024-05-09T18:11:43 IST" name="cnofigAC" finished-at="2024-05-09T18:11:56 IST" duration-ms="12552" status="PASS">
          <reporter-output>
          </reporter-output>
        </test-method> <!-- cnofigAC -->
        <test-method is-config="true" signature="configAS()[pri:0, instance:practice.OrgTest.CreateOrgsnisationTest@7dc3712]" started-at="2024-05-09T18:11:57 IST" name="configAS" finished-at="2024-05-09T18:11:57 IST" duration-ms="35" status="PASS">
          <reporter-output>
          </reporter-output>
        </test-method> <!-- configAS -->
      </class> <!-- practice.OrgTest.CreateOrgsnisationTest -->
    </test> <!-- Default test -->
  </suite> <!-- Default suite -->
</testng-results>
